<?xml version="1.0" encoding="UTF-8"?>
<!-- Generated by org.testng.reporters.JUnitReportReporter -->
<testsuite name="com.test.automation.homepage.TC001_VerifyLoginwithInvalidCrediantials" tests="1" time="7.059" ignored="0" failures="0" timestamp="17 Sep 2017 09:18:47 GMT" skipped="0" hostname="PICKU-PC" errors="0">
  <testcase name="verifyLoginwithInvalidCrediantials" time="7.059" classname="com.test.automation.homepage.TC001_VerifyLoginwithInvalidCrediantials"/>
</testsuite> <!-- com.test.automation.homepage.TC001_VerifyLoginwithInvalidCrediantials -->
