<?xml version="1.0" encoding="UTF-8"?>
<!-- Generated by org.testng.reporters.JUnitReportReporter -->
<testsuite name="com.test.automation.homepage.TC003_VerifyRegistration" tests="1" time="13.271" ignored="0" failures="0" timestamp="03 Sep 2017 10:56:08 GMT" skipped="0" hostname="PICKU-PC" errors="0">
  <testcase name="testLogin" time="13.271" classname="com.test.automation.homepage.TC003_VerifyRegistration"/>
</testsuite> <!-- com.test.automation.homepage.TC003_VerifyRegistration -->
