<?xml version="1.0" encoding="UTF-8"?>
<!-- Generated by org.testng.reporters.JUnitReportReporter -->
<testsuite name="com.test.automation.homepage.TC001_VerifyLoginwithInvalidCrediantials" tests="1" time="6.811" ignored="0" failures="0" timestamp="03 Sep 2017 10:55:24 GMT" skipped="0" hostname="PICKU-PC" errors="0">
  <testcase name="verifyLoginwithInvalidCrediantials" time="6.811" classname="com.test.automation.homepage.TC001_VerifyLoginwithInvalidCrediantials"/>
</testsuite> <!-- com.test.automation.homepage.TC001_VerifyLoginwithInvalidCrediantials -->
