<?xml version="1.0" encoding="UTF-8"?>
<!-- Generated by org.testng.reporters.JUnitReportReporter -->
<testsuite name="com.test.automation.homepage.TC002_VerifyRegistration" tests="1" time="11.307" ignored="0" failures="0" timestamp="27 Aug 2017 16:19:01 GMT" skipped="0" hostname="PICKU-PC" errors="0">
  <testcase name="testLogin" time="11.307" classname="com.test.automation.homepage.TC002_VerifyRegistration"/>
</testsuite> <!-- com.test.automation.homepage.TC002_VerifyRegistration -->
