<?xml version="1.0" encoding="UTF-8"?>
<!-- Generated by org.testng.reporters.JUnitReportReporter -->
<testsuite name="com.test.automation.homepage.TC003_VerifyRegistration" tests="1" time="15.644" ignored="0" failures="0" timestamp="17 Jun 2018 14:03:13 GMT" skipped="0" hostname="PICKU-PC" errors="0">
  <testcase name="testLogin" time="15.644" classname="com.test.automation.homepage.TC003_VerifyRegistration"/>
</testsuite> <!-- com.test.automation.homepage.TC003_VerifyRegistration -->
